<?xml version="1.0" encoding="UTF-8"?>
<testsuite name="com.example.taskmanager.TaskmanagerApplicationTests" tests="1" skipped="0" failures="0" errors="0" timestamp="2026-04-29T10:51:10.309Z" hostname="ABDULLAH-PC" time="0.597">
  <properties/>
  <testcase name="contextLoads()" classname="com.example.taskmanager.TaskmanagerApplicationTests" time="0.597"/>
  <system-out><![CDATA[16:21:05.370 [Test worker] INFO org.springframework.test.context.support.AnnotationConfigContextLoaderUtils -- Could not detect default configuration classes for test class [com.example.taskmanager.TaskmanagerApplicationTests]: TaskmanagerApplicationTests does not declare any static, non-private, non-final, nested classes annotated with @Configuration.
16:21:05.485 [Test worker] INFO org.springframework.boot.test.context.SpringBootTestContextBootstrapper -- Found @SpringBootConfiguration com.example.taskmanager.TaskmanagerApplication for test class com.example.taskmanager.TaskmanagerApplicationTests

  .   ____          _            __ _ _
 /\\ / ___'_ __ _ _(_)_ __  __ _ \ \ \ \
( ( )\___ | '_ | '_| | '_ \/ _` | \ \ \ \
 \\/  ___)| |_)| | | | | || (_| |  ) ) ) )
  '  |____| .__|_| |_|_| |_\__, | / / / /
 =========|_|==============|___/=/_/_/_/

 :: Spring Boot ::      (v3.5.15-SNAPSHOT)

2026-04-29T16:21:06.029+05:30  INFO 17192 --- [taskmanager] [    Test worker] c.e.t.TaskmanagerApplicationTests        : Starting TaskmanagerApplicationTests using Java 21.0.10 with PID 17192 (started by abdul in E:\JavaBackend\Task Manage and User Collab\taskmanager)
2026-04-29T16:21:06.031+05:30  INFO 17192 --- [taskmanager] [    Test worker] c.e.t.TaskmanagerApplicationTests        : No active profile set, falling back to 1 default profile: "default"
2026-04-29T16:21:06.852+05:30  INFO 17192 --- [taskmanager] [    Test worker] .s.d.r.c.RepositoryConfigurationDelegate : Bootstrapping Spring Data JPA repositories in DEFAULT mode.
2026-04-29T16:21:06.919+05:30  INFO 17192 --- [taskmanager] [    Test worker] .s.d.r.c.RepositoryConfigurationDelegate : Finished Spring Data repository scanning in 53 ms. Found 1 JPA repository interface.
2026-04-29T16:21:07.424+05:30  INFO 17192 --- [taskmanager] [    Test worker] o.hibernate.jpa.internal.util.LogHelper  : HHH000204: Processing PersistenceUnitInfo [name: default]
2026-04-29T16:21:07.483+05:30  INFO 17192 --- [taskmanager] [    Test worker] org.hibernate.Version                    : HHH000412: Hibernate ORM core version 6.6.49.Final
2026-04-29T16:21:07.518+05:30  INFO 17192 --- [taskmanager] [    Test worker] o.h.c.internal.RegionFactoryInitiator    : HHH000026: Second-level cache disabled
2026-04-29T16:21:07.888+05:30  INFO 17192 --- [taskmanager] [    Test worker] o.s.o.j.p.SpringPersistenceUnitInfo      : No LoadTimeWeaver setup: ignoring JPA class transformer
2026-04-29T16:21:07.928+05:30  INFO 17192 --- [taskmanager] [    Test worker] com.zaxxer.hikari.HikariDataSource       : HikariPool-1 - Starting...
2026-04-29T16:21:08.452+05:30  INFO 17192 --- [taskmanager] [    Test worker] com.zaxxer.hikari.pool.HikariPool        : HikariPool-1 - Added connection com.mysql.cj.jdbc.ConnectionImpl@690ed13a
2026-04-29T16:21:08.456+05:30  INFO 17192 --- [taskmanager] [    Test worker] com.zaxxer.hikari.HikariDataSource       : HikariPool-1 - Start completed.
2026-04-29T16:21:08.568+05:30  INFO 17192 --- [taskmanager] [    Test worker] org.hibernate.orm.connections.pooling    : HHH10001005: Database info:
	Database JDBC URL [Connecting through datasource 'HikariDataSource (HikariPool-1)']
	Database driver: undefined/unknown
	Database version: 8.0.46
	Autocommit mode: undefined/unknown
	Isolation level: undefined/unknown
	Minimum pool size: undefined/unknown
	Maximum pool size: undefined/unknown
2026-04-29T16:21:09.382+05:30  INFO 17192 --- [taskmanager] [    Test worker] o.h.e.t.j.p.i.JtaPlatformInitiator       : HHH000489: No JTA platform available (set 'hibernate.transaction.jta.platform' to enable JTA platform integration)
2026-04-29T16:21:09.453+05:30  INFO 17192 --- [taskmanager] [    Test worker] j.LocalContainerEntityManagerFactoryBean : Initialized JPA EntityManagerFactory for persistence unit 'default'
2026-04-29T16:21:09.821+05:30  WARN 17192 --- [taskmanager] [    Test worker] JpaBaseConfiguration$JpaWebConfiguration : spring.jpa.open-in-view is enabled by default. Therefore, database queries may be performed during view rendering. Explicitly configure spring.jpa.open-in-view to disable this warning
2026-04-29T16:21:10.279+05:30  INFO 17192 --- [taskmanager] [    Test worker] c.e.t.TaskmanagerApplicationTests        : Started TaskmanagerApplicationTests in 4.565 seconds (process running for 6.062)
]]></system-out>
  <system-err><![CDATA[Mockito is currently self-attaching to enable the inline-mock-maker. This will no longer work in future releases of the JDK. Please add Mockito as an agent to your build as described in Mockito's documentation: https://javadoc.io/doc/org.mockito/mockito-core/latest/org.mockito/org/mockito/Mockito.html#0.3
WARNING: A Java agent has been loaded dynamically (C:\Users\abdul\.gradle\caches\modules-2\files-2.1\net.bytebuddy\byte-buddy-agent\1.17.8\f09415827a71be7ed621c7bd02550678f28bc81c\byte-buddy-agent-1.17.8.jar)
WARNING: If a serviceability tool is in use, please run with -XX:+EnableDynamicAgentLoading to hide this warning
WARNING: If a serviceability tool is not in use, please run with -Djdk.instrument.traceUsage for more information
WARNING: Dynamic loading of agents will be disallowed by default in a future release
]]></system-err>
</testsuite>
